  제작.cpp
C:\Users\won2seo\Desktop\대학\3학년 2학기\컴퓨터그래픽스\Computer Graphics final test\Project\Project1\제작.cpp(128,17): warning C4244: '초기화 중': 'double'에서 'float'(으)로 변환하면서 데이터가 손실될 수 있습니다.
C:\Users\won2seo\Desktop\대학\3학년 2학기\컴퓨터그래픽스\Computer Graphics final test\Project\Project1\제작.cpp(129,17): warning C4244: '초기화 중': 'double'에서 'float'(으)로 변환하면서 데이터가 손실될 수 있습니다.
C:\Users\won2seo\Desktop\대학\3학년 2학기\컴퓨터그래픽스\Computer Graphics final test\Project\Project1\제작.cpp(141,25): warning C4305: '인수': 'double'에서 'GLfloat'(으)로 잘립니다.
C:\Users\won2seo\Desktop\대학\3학년 2학기\컴퓨터그래픽스\Computer Graphics final test\Project\Project1\제작.cpp(141,20): warning C4305: '인수': 'double'에서 'GLfloat'(으)로 잘립니다.
C:\Users\won2seo\Desktop\대학\3학년 2학기\컴퓨터그래픽스\Computer Graphics final test\Project\Project1\제작.cpp(141,15): warning C4305: '인수': 'double'에서 'GLfloat'(으)로 잘립니다.
C:\Users\won2seo\Desktop\대학\3학년 2학기\컴퓨터그래픽스\Computer Graphics final test\Project\Project1\제작.cpp(152,25): warning C4305: '인수': 'double'에서 'GLfloat'(으)로 잘립니다.
C:\Users\won2seo\Desktop\대학\3학년 2학기\컴퓨터그래픽스\Computer Graphics final test\Project\Project1\제작.cpp(152,20): warning C4305: '인수': 'double'에서 'GLfloat'(으)로 잘립니다.
C:\Users\won2seo\Desktop\대학\3학년 2학기\컴퓨터그래픽스\Computer Graphics final test\Project\Project1\제작.cpp(152,15): warning C4305: '인수': 'double'에서 'GLfloat'(으)로 잘립니다.
C:\Users\won2seo\Desktop\대학\3학년 2학기\컴퓨터그래픽스\Computer Graphics final test\Project\Project1\제작.cpp(154,22): warning C4305: '인수': 'double'에서 'GLfloat'(으)로 잘립니다.
C:\Users\won2seo\Desktop\대학\3학년 2학기\컴퓨터그래픽스\Computer Graphics final test\Project\Project1\제작.cpp(155,21): warning C4305: '인수': 'double'에서 'GLfloat'(으)로 잘립니다.
C:\Users\won2seo\Desktop\대학\3학년 2학기\컴퓨터그래픽스\Computer Graphics final test\Project\Project1\제작.cpp(156,21): warning C4305: '인수': 'double'에서 'GLfloat'(으)로 잘립니다.
C:\Users\won2seo\Desktop\대학\3학년 2학기\컴퓨터그래픽스\Computer Graphics final test\Project\Project1\제작.cpp(157,22): warning C4305: '인수': 'double'에서 'GLfloat'(으)로 잘립니다.
C:\Users\won2seo\Desktop\대학\3학년 2학기\컴퓨터그래픽스\Computer Graphics final test\Project\Project1\제작.cpp(164,25): warning C4305: '인수': 'double'에서 'GLfloat'(으)로 잘립니다.
C:\Users\won2seo\Desktop\대학\3학년 2학기\컴퓨터그래픽스\Computer Graphics final test\Project\Project1\제작.cpp(164,20): warning C4305: '인수': 'double'에서 'GLfloat'(으)로 잘립니다.
C:\Users\won2seo\Desktop\대학\3학년 2학기\컴퓨터그래픽스\Computer Graphics final test\Project\Project1\제작.cpp(173,25): warning C4305: '인수': 'double'에서 'GLfloat'(으)로 잘립니다.
C:\Users\won2seo\Desktop\대학\3학년 2학기\컴퓨터그래픽스\Computer Graphics final test\Project\Project1\제작.cpp(173,20): warning C4305: '인수': 'double'에서 'GLfloat'(으)로 잘립니다.
C:\Users\won2seo\Desktop\대학\3학년 2학기\컴퓨터그래픽스\Computer Graphics final test\Project\Project1\제작.cpp(173,15): warning C4305: '인수': 'double'에서 'GLfloat'(으)로 잘립니다.
  Project1.vcxproj -> C:\Users\won2seo\Desktop\대학\3학년 2학기\컴퓨터그래픽스\Computer Graphics final test\Project\x64\Debug\Project1.exe
  'pwsh.exe'은(는) 내부 또는 외부 명령, 실행할 수 있는 프로그램, 또는
  배치 파일이 아닙니다.
